<?xml version="1.0" encoding="UTF-8"?>
<testsuite xmlns:xsi="http://www.w3.org/2001/XMLSchema-instance" xsi:noNamespaceSchemaLocation="https://maven.apache.org/surefire/maven-surefire-plugin/xsd/surefire-test-report-3.0.xsd" version="3.0" name="Tryagin.target.TestComponents.BaseTest" time="7.461" tests="0" errors="0" skipped="0" failures="0">
  <properties>
    <property name="java.specification.version" value="21"/>
    <property name="sun.cpu.isalist" value="amd64"/>
    <property name="sun.jnu.encoding" value="Cp1252"/>
    <property name="java.class.path" value="C:\Users\theer\eclipse-workspace-Shivani\target\target\test-classes;C:\Users\theer\eclipse-workspace-Shivani\target\target\classes;C:\Softwares\apache-maven-3.8.6-bin\Maven_Repo\org\seleniumhq\selenium\selenium-java\4.22.0\selenium-java-4.22.0.jar;C:\Softwares\apache-maven-3.8.6-bin\Maven_Repo\org\seleniumhq\selenium\selenium-api\4.22.0\selenium-api-4.22.0.jar;C:\Softwares\apache-maven-3.8.6-bin\Maven_Repo\org\seleniumhq\selenium\selenium-chrome-driver\4.22.0\selenium-chrome-driver-4.22.0.jar;C:\Softwares\apache-maven-3.8.6-bin\Maven_Repo\com\google\auto\service\auto-service-annotations\1.1.1\auto-service-annotations-1.1.1.jar;C:\Softwares\apache-maven-3.8.6-bin\Maven_Repo\org\seleniumhq\selenium\selenium-chromium-driver\4.22.0\selenium-chromium-driver-4.22.0.jar;C:\Softwares\apache-maven-3.8.6-bin\Maven_Repo\org\seleniumhq\selenium\selenium-json\4.22.0\selenium-json-4.22.0.jar;C:\Softwares\apache-maven-3.8.6-bin\Maven_Repo\org\seleniumhq\selenium\selenium-manager\4.22.0\selenium-manager-4.22.0.jar;C:\Softwares\apache-maven-3.8.6-bin\Maven_Repo\org\seleniumhq\selenium\selenium-devtools-v124\4.22.0\selenium-devtools-v124-4.22.0.jar;C:\Softwares\apache-maven-3.8.6-bin\Maven_Repo\org\seleniumhq\selenium\selenium-devtools-v125\4.22.0\selenium-devtools-v125-4.22.0.jar;C:\Softwares\apache-maven-3.8.6-bin\Maven_Repo\org\seleniumhq\selenium\selenium-devtools-v126\4.22.0\selenium-devtools-v126-4.22.0.jar;C:\Softwares\apache-maven-3.8.6-bin\Maven_Repo\org\seleniumhq\selenium\selenium-devtools-v85\4.22.0\selenium-devtools-v85-4.22.0.jar;C:\Softwares\apache-maven-3.8.6-bin\Maven_Repo\org\seleniumhq\selenium\selenium-edge-driver\4.22.0\selenium-edge-driver-4.22.0.jar;C:\Softwares\apache-maven-3.8.6-bin\Maven_Repo\org\seleniumhq\selenium\selenium-firefox-driver\4.22.0\selenium-firefox-driver-4.22.0.jar;C:\Softwares\apache-maven-3.8.6-bin\Maven_Repo\org\seleniumhq\selenium\selenium-http\4.22.0\selenium-http-4.22.0.jar;C:\Softwares\apache-maven-3.8.6-bin\Maven_Repo\dev\failsafe\failsafe\3.3.2\failsafe-3.3.2.jar;C:\Softwares\apache-maven-3.8.6-bin\Maven_Repo\org\seleniumhq\selenium\selenium-ie-driver\4.22.0\selenium-ie-driver-4.22.0.jar;C:\Softwares\apache-maven-3.8.6-bin\Maven_Repo\org\seleniumhq\selenium\selenium-remote-driver\4.22.0\selenium-remote-driver-4.22.0.jar;C:\Softwares\apache-maven-3.8.6-bin\Maven_Repo\com\google\guava\guava\33.2.1-jre\guava-33.2.1-jre.jar;C:\Softwares\apache-maven-3.8.6-bin\Maven_Repo\com\google\guava\failureaccess\1.0.2\failureaccess-1.0.2.jar;C:\Softwares\apache-maven-3.8.6-bin\Maven_Repo\com\google\guava\listenablefuture\9999.0-empty-to-avoid-conflict-with-guava\listenablefuture-9999.0-empty-to-avoid-conflict-with-guava.jar;C:\Softwares\apache-maven-3.8.6-bin\Maven_Repo\com\google\code\findbugs\jsr305\3.0.2\jsr305-3.0.2.jar;C:\Softwares\apache-maven-3.8.6-bin\Maven_Repo\org\checkerframework\checker-qual\3.42.0\checker-qual-3.42.0.jar;C:\Softwares\apache-maven-3.8.6-bin\Maven_Repo\com\google\errorprone\error_prone_annotations\2.26.1\error_prone_annotations-2.26.1.jar;C:\Softwares\apache-maven-3.8.6-bin\Maven_Repo\com\google\j2objc\j2objc-annotations\3.0.0\j2objc-annotations-3.0.0.jar;C:\Softwares\apache-maven-3.8.6-bin\Maven_Repo\io\opentelemetry\semconv\opentelemetry-semconv\1.25.0-alpha\opentelemetry-semconv-1.25.0-alpha.jar;C:\Softwares\apache-maven-3.8.6-bin\Maven_Repo\io\opentelemetry\opentelemetry-api\1.39.0\opentelemetry-api-1.39.0.jar;C:\Softwares\apache-maven-3.8.6-bin\Maven_Repo\io\opentelemetry\opentelemetry-context\1.39.0\opentelemetry-context-1.39.0.jar;C:\Softwares\apache-maven-3.8.6-bin\Maven_Repo\io\opentelemetry\opentelemetry-exporter-logging\1.39.0\opentelemetry-exporter-logging-1.39.0.jar;C:\Softwares\apache-maven-3.8.6-bin\Maven_Repo\io\opentelemetry\opentelemetry-sdk-common\1.39.0\opentelemetry-sdk-common-1.39.0.jar;C:\Softwares\apache-maven-3.8.6-bin\Maven_Repo\io\opentelemetry\opentelemetry-sdk-extension-autoconfigure-spi\1.39.0\opentelemetry-sdk-extension-autoconfigure-spi-1.39.0.jar;C:\Softwares\apache-maven-3.8.6-bin\Maven_Repo\io\opentelemetry\opentelemetry-sdk-extension-autoconfigure\1.39.0\opentelemetry-sdk-extension-autoconfigure-1.39.0.jar;C:\Softwares\apache-maven-3.8.6-bin\Maven_Repo\io\opentelemetry\opentelemetry-api-incubator\1.39.0-alpha\opentelemetry-api-incubator-1.39.0-alpha.jar;C:\Softwares\apache-maven-3.8.6-bin\Maven_Repo\io\opentelemetry\opentelemetry-sdk-trace\1.39.0\opentelemetry-sdk-trace-1.39.0.jar;C:\Softwares\apache-maven-3.8.6-bin\Maven_Repo\io\opentelemetry\opentelemetry-sdk\1.39.0\opentelemetry-sdk-1.39.0.jar;C:\Softwares\apache-maven-3.8.6-bin\Maven_Repo\io\opentelemetry\opentelemetry-sdk-metrics\1.39.0\opentelemetry-sdk-metrics-1.39.0.jar;C:\Softwares\apache-maven-3.8.6-bin\Maven_Repo\io\opentelemetry\opentelemetry-sdk-logs\1.39.0\opentelemetry-sdk-logs-1.39.0.jar;C:\Softwares\apache-maven-3.8.6-bin\Maven_Repo\net\bytebuddy\byte-buddy\1.14.17\byte-buddy-1.14.17.jar;C:\Softwares\apache-maven-3.8.6-bin\Maven_Repo\org\seleniumhq\selenium\selenium-os\4.22.0\selenium-os-4.22.0.jar;C:\Softwares\apache-maven-3.8.6-bin\Maven_Repo\org\apache\commons\commons-exec\1.4.0\commons-exec-1.4.0.jar;C:\Softwares\apache-maven-3.8.6-bin\Maven_Repo\org\seleniumhq\selenium\selenium-safari-driver\4.22.0\selenium-safari-driver-4.22.0.jar;C:\Softwares\apache-maven-3.8.6-bin\Maven_Repo\org\seleniumhq\selenium\selenium-support\4.22.0\selenium-support-4.22.0.jar;C:\Softwares\apache-maven-3.8.6-bin\Maven_Repo\org\testng\testng\7.10.2\testng-7.10.2.jar;C:\Softwares\apache-maven-3.8.6-bin\Maven_Repo\org\slf4j\slf4j-api\1.7.36\slf4j-api-1.7.36.jar;C:\Softwares\apache-maven-3.8.6-bin\Maven_Repo\com\beust\jcommander\1.82\jcommander-1.82.jar;C:\Softwares\apache-maven-3.8.6-bin\Maven_Repo\org\webjars\jquery\3.7.1\jquery-3.7.1.jar;C:\Softwares\apache-maven-3.8.6-bin\Maven_Repo\com\aventstack\extentreports\5.1.2\extentreports-5.1.2.jar;C:\Softwares\apache-maven-3.8.6-bin\Maven_Repo\io\reactivex\rxjava3\rxjava\3.1.6\rxjava-3.1.6.jar;C:\Softwares\apache-maven-3.8.6-bin\Maven_Repo\org\reactivestreams\reactive-streams\1.0.4\reactive-streams-1.0.4.jar;C:\Softwares\apache-maven-3.8.6-bin\Maven_Repo\org\freemarker\freemarker\2.3.32\freemarker-2.3.32.jar;C:\Softwares\apache-maven-3.8.6-bin\Maven_Repo\org\projectlombok\lombok\1.18.26\lombok-1.18.26.jar;C:\Softwares\apache-maven-3.8.6-bin\Maven_Repo\com\google\code\gson\gson\2.10.1\gson-2.10.1.jar;C:\Softwares\apache-maven-3.8.6-bin\Maven_Repo\org\slf4j\slf4j-simple\2.0.12\slf4j-simple-2.0.12.jar;"/>
    <property name="java.vm.vendor" value="Oracle Corporation"/>
    <property name="sun.arch.data.model" value="64"/>
    <property name="user.variant" value=""/>
    <property name="java.vendor.url" value="https://java.oracle.com/"/>
    <property name="user.timezone" value="America/Chicago"/>
    <property name="os.name" value="Windows 11"/>
    <property name="java.vm.specification.version" value="21"/>
    <property name="sun.java.launcher" value="SUN_STANDARD"/>
    <property name="user.country" value="US"/>
    <property name="sun.boot.library.path" value="C:\Program Files\Java\jdk-21\bin"/>
    <property name="sun.java.command" value="C:\Users\theer\AppData\Local\Temp\surefire15867616482050393906\surefirebooter-20240720190946134_3.jar C:\Users\theer\AppData\Local\Temp\surefire15867616482050393906 2024-07-20T19-09-45_941-jvmRun1 surefire-20240720190946134_1tmp surefire_0-20240720190946134_2tmp"/>
    <property name="jdk.debug" value="release"/>
    <property name="surefire.test.class.path" value="C:\Users\theer\eclipse-workspace-Shivani\target\target\test-classes;C:\Users\theer\eclipse-workspace-Shivani\target\target\classes;C:\Softwares\apache-maven-3.8.6-bin\Maven_Repo\org\seleniumhq\selenium\selenium-java\4.22.0\selenium-java-4.22.0.jar;C:\Softwares\apache-maven-3.8.6-bin\Maven_Repo\org\seleniumhq\selenium\selenium-api\4.22.0\selenium-api-4.22.0.jar;C:\Softwares\apache-maven-3.8.6-bin\Maven_Repo\org\seleniumhq\selenium\selenium-chrome-driver\4.22.0\selenium-chrome-driver-4.22.0.jar;C:\Softwares\apache-maven-3.8.6-bin\Maven_Repo\com\google\auto\service\auto-service-annotations\1.1.1\auto-service-annotations-1.1.1.jar;C:\Softwares\apache-maven-3.8.6-bin\Maven_Repo\org\seleniumhq\selenium\selenium-chromium-driver\4.22.0\selenium-chromium-driver-4.22.0.jar;C:\Softwares\apache-maven-3.8.6-bin\Maven_Repo\org\seleniumhq\selenium\selenium-json\4.22.0\selenium-json-4.22.0.jar;C:\Softwares\apache-maven-3.8.6-bin\Maven_Repo\org\seleniumhq\selenium\selenium-manager\4.22.0\selenium-manager-4.22.0.jar;C:\Softwares\apache-maven-3.8.6-bin\Maven_Repo\org\seleniumhq\selenium\selenium-devtools-v124\4.22.0\selenium-devtools-v124-4.22.0.jar;C:\Softwares\apache-maven-3.8.6-bin\Maven_Repo\org\seleniumhq\selenium\selenium-devtools-v125\4.22.0\selenium-devtools-v125-4.22.0.jar;C:\Softwares\apache-maven-3.8.6-bin\Maven_Repo\org\seleniumhq\selenium\selenium-devtools-v126\4.22.0\selenium-devtools-v126-4.22.0.jar;C:\Softwares\apache-maven-3.8.6-bin\Maven_Repo\org\seleniumhq\selenium\selenium-devtools-v85\4.22.0\selenium-devtools-v85-4.22.0.jar;C:\Softwares\apache-maven-3.8.6-bin\Maven_Repo\org\seleniumhq\selenium\selenium-edge-driver\4.22.0\selenium-edge-driver-4.22.0.jar;C:\Softwares\apache-maven-3.8.6-bin\Maven_Repo\org\seleniumhq\selenium\selenium-firefox-driver\4.22.0\selenium-firefox-driver-4.22.0.jar;C:\Softwares\apache-maven-3.8.6-bin\Maven_Repo\org\seleniumhq\selenium\selenium-http\4.22.0\selenium-http-4.22.0.jar;C:\Softwares\apache-maven-3.8.6-bin\Maven_Repo\dev\failsafe\failsafe\3.3.2\failsafe-3.3.2.jar;C:\Softwares\apache-maven-3.8.6-bin\Maven_Repo\org\seleniumhq\selenium\selenium-ie-driver\4.22.0\selenium-ie-driver-4.22.0.jar;C:\Softwares\apache-maven-3.8.6-bin\Maven_Repo\org\seleniumhq\selenium\selenium-remote-driver\4.22.0\selenium-remote-driver-4.22.0.jar;C:\Softwares\apache-maven-3.8.6-bin\Maven_Repo\com\google\guava\guava\33.2.1-jre\guava-33.2.1-jre.jar;C:\Softwares\apache-maven-3.8.6-bin\Maven_Repo\com\google\guava\failureaccess\1.0.2\failureaccess-1.0.2.jar;C:\Softwares\apache-maven-3.8.6-bin\Maven_Repo\com\google\guava\listenablefuture\9999.0-empty-to-avoid-conflict-with-guava\listenablefuture-9999.0-empty-to-avoid-conflict-with-guava.jar;C:\Softwares\apache-maven-3.8.6-bin\Maven_Repo\com\google\code\findbugs\jsr305\3.0.2\jsr305-3.0.2.jar;C:\Softwares\apache-maven-3.8.6-bin\Maven_Repo\org\checkerframework\checker-qual\3.42.0\checker-qual-3.42.0.jar;C:\Softwares\apache-maven-3.8.6-bin\Maven_Repo\com\google\errorprone\error_prone_annotations\2.26.1\error_prone_annotations-2.26.1.jar;C:\Softwares\apache-maven-3.8.6-bin\Maven_Repo\com\google\j2objc\j2objc-annotations\3.0.0\j2objc-annotations-3.0.0.jar;C:\Softwares\apache-maven-3.8.6-bin\Maven_Repo\io\opentelemetry\semconv\opentelemetry-semconv\1.25.0-alpha\opentelemetry-semconv-1.25.0-alpha.jar;C:\Softwares\apache-maven-3.8.6-bin\Maven_Repo\io\opentelemetry\opentelemetry-api\1.39.0\opentelemetry-api-1.39.0.jar;C:\Softwares\apache-maven-3.8.6-bin\Maven_Repo\io\opentelemetry\opentelemetry-context\1.39.0\opentelemetry-context-1.39.0.jar;C:\Softwares\apache-maven-3.8.6-bin\Maven_Repo\io\opentelemetry\opentelemetry-exporter-logging\1.39.0\opentelemetry-exporter-logging-1.39.0.jar;C:\Softwares\apache-maven-3.8.6-bin\Maven_Repo\io\opentelemetry\opentelemetry-sdk-common\1.39.0\opentelemetry-sdk-common-1.39.0.jar;C:\Softwares\apache-maven-3.8.6-bin\Maven_Repo\io\opentelemetry\opentelemetry-sdk-extension-autoconfigure-spi\1.39.0\opentelemetry-sdk-extension-autoconfigure-spi-1.39.0.jar;C:\Softwares\apache-maven-3.8.6-bin\Maven_Repo\io\opentelemetry\opentelemetry-sdk-extension-autoconfigure\1.39.0\opentelemetry-sdk-extension-autoconfigure-1.39.0.jar;C:\Softwares\apache-maven-3.8.6-bin\Maven_Repo\io\opentelemetry\opentelemetry-api-incubator\1.39.0-alpha\opentelemetry-api-incubator-1.39.0-alpha.jar;C:\Softwares\apache-maven-3.8.6-bin\Maven_Repo\io\opentelemetry\opentelemetry-sdk-trace\1.39.0\opentelemetry-sdk-trace-1.39.0.jar;C:\Softwares\apache-maven-3.8.6-bin\Maven_Repo\io\opentelemetry\opentelemetry-sdk\1.39.0\opentelemetry-sdk-1.39.0.jar;C:\Softwares\apache-maven-3.8.6-bin\Maven_Repo\io\opentelemetry\opentelemetry-sdk-metrics\1.39.0\opentelemetry-sdk-metrics-1.39.0.jar;C:\Softwares\apache-maven-3.8.6-bin\Maven_Repo\io\opentelemetry\opentelemetry-sdk-logs\1.39.0\opentelemetry-sdk-logs-1.39.0.jar;C:\Softwares\apache-maven-3.8.6-bin\Maven_Repo\net\bytebuddy\byte-buddy\1.14.17\byte-buddy-1.14.17.jar;C:\Softwares\apache-maven-3.8.6-bin\Maven_Repo\org\seleniumhq\selenium\selenium-os\4.22.0\selenium-os-4.22.0.jar;C:\Softwares\apache-maven-3.8.6-bin\Maven_Repo\org\apache\commons\commons-exec\1.4.0\commons-exec-1.4.0.jar;C:\Softwares\apache-maven-3.8.6-bin\Maven_Repo\org\seleniumhq\selenium\selenium-safari-driver\4.22.0\selenium-safari-driver-4.22.0.jar;C:\Softwares\apache-maven-3.8.6-bin\Maven_Repo\org\seleniumhq\selenium\selenium-support\4.22.0\selenium-support-4.22.0.jar;C:\Softwares\apache-maven-3.8.6-bin\Maven_Repo\org\testng\testng\7.10.2\testng-7.10.2.jar;C:\Softwares\apache-maven-3.8.6-bin\Maven_Repo\org\slf4j\slf4j-api\1.7.36\slf4j-api-1.7.36.jar;C:\Softwares\apache-maven-3.8.6-bin\Maven_Repo\com\beust\jcommander\1.82\jcommander-1.82.jar;C:\Softwares\apache-maven-3.8.6-bin\Maven_Repo\org\webjars\jquery\3.7.1\jquery-3.7.1.jar;C:\Softwares\apache-maven-3.8.6-bin\Maven_Repo\com\aventstack\extentreports\5.1.2\extentreports-5.1.2.jar;C:\Softwares\apache-maven-3.8.6-bin\Maven_Repo\io\reactivex\rxjava3\rxjava\3.1.6\rxjava-3.1.6.jar;C:\Softwares\apache-maven-3.8.6-bin\Maven_Repo\org\reactivestreams\reactive-streams\1.0.4\reactive-streams-1.0.4.jar;C:\Softwares\apache-maven-3.8.6-bin\Maven_Repo\org\freemarker\freemarker\2.3.32\freemarker-2.3.32.jar;C:\Softwares\apache-maven-3.8.6-bin\Maven_Repo\org\projectlombok\lombok\1.18.26\lombok-1.18.26.jar;C:\Softwares\apache-maven-3.8.6-bin\Maven_Repo\com\google\code\gson\gson\2.10.1\gson-2.10.1.jar;C:\Softwares\apache-maven-3.8.6-bin\Maven_Repo\org\slf4j\slf4j-simple\2.0.12\slf4j-simple-2.0.12.jar;"/>
    <property name="sun.cpu.endian" value="little"/>
    <property name="user.home" value="C:\Users\theer"/>
    <property name="user.language" value="en"/>
    <property name="java.specification.vendor" value="Oracle Corporation"/>
    <property name="java.version.date" value="2023-10-17"/>
    <property name="java.home" value="C:\Program Files\Java\jdk-21"/>
    <property name="file.separator" value="\"/>
    <property name="basedir" value="C:\Users\theer\eclipse-workspace-Shivani\target"/>
    <property name="java.vm.compressedOopsMode" value="Zero based"/>
    <property name="line.separator" value="&#10;"/>
    <property name="java.vm.specification.vendor" value="Oracle Corporation"/>
    <property name="java.specification.name" value="Java Platform API Specification"/>
    <property name="surefire.real.class.path" value="C:\Users\theer\AppData\Local\Temp\surefire15867616482050393906\surefirebooter-20240720190946134_3.jar"/>
    <property name="user.script" value=""/>
    <property name="sun.management.compiler" value="HotSpot 64-Bit Tiered Compilers"/>
    <property name="java.runtime.version" value="21.0.1+12-LTS-29"/>
    <property name="user.name" value="theer"/>
    <property name="stdout.encoding" value="Cp1252"/>
    <property name="path.separator" value=";"/>
    <property name="os.version" value="10.0"/>
    <property name="java.runtime.name" value="Java(TM) SE Runtime Environment"/>
    <property name="file.encoding" value="UTF-8"/>
    <property name="java.vm.name" value="Java HotSpot(TM) 64-Bit Server VM"/>
    <property name="localRepository" value="C:\Softwares\apache-maven-3.8.6-bin\Maven_Repo"/>
    <property name="java.vendor.url.bug" value="https://bugreport.java.com/bugreport/"/>
    <property name="java.io.tmpdir" value="C:\Users\theer\AppData\Local\Temp\"/>
    <property name="java.version" value="21.0.1"/>
    <property name="user.dir" value="C:\Users\theer\eclipse-workspace-Shivani\target"/>
    <property name="os.arch" value="amd64"/>
    <property name="java.vm.specification.name" value="Java Virtual Machine Specification"/>
    <property name="sun.os.patch.level" value=""/>
    <property name="native.encoding" value="Cp1252"/>
    <property name="java.library.path" value="C:\Program Files\Java\jdk-21\bin;C:\WINDOWS\Sun\Java\bin;C:\WINDOWS\system32;C:\WINDOWS;C:\WINDOWS\system32;C:\WINDOWS;C:\WINDOWS\System32\Wbem;C:\WINDOWS\System32\WindowsPowerShell\v1.0\;C:\WINDOWS\System32\OpenSSH\;C:\Program Files\Microsoft SQL Server\130\Tools\Binn\;C:\Program Files\Microsoft SQL Server\Client SDK\ODBC\170\Tools\Binn\;C:\Program Files\dotnet\;C:\Users\theer\AppData\Roaming\nvm;C:\Program Files\nodejs;C:\Program Files\nodejs\;C:\Program Files\Microsoft VS Code\bin;C:\Softwares\apache-maven-3.8.6-bin\apache-maven-3.8.6\bin;C:\Android;C:\Windows\System32;C:\Program Files\Common Files\Oracle\Java\javapath;C:\Program Files\Java\jdk-17\bin;C:\Users\Git\cmd;C:\Program Files\Git\cmd;C:\Program Files\HP\HP One Agent;C:\Program Files\MySQL\MySQL Shell 8.0\bin\;C:\Users\theer\AppData\Local\Microsoft\WindowsApps;C:\Users\theer\.dotnet\tools;C:\Users\theer\AppData\Roaming\nvm;C:\Program Files\nodejs;C:\Users\theer\AppData\Roaming\npm;C:\Users\Maven_New\apache-maven-3.9.6\bin;;."/>
    <property name="java.vm.info" value="mixed mode, sharing"/>
    <property name="stderr.encoding" value="Cp1252"/>
    <property name="java.vendor" value="Oracle Corporation"/>
    <property name="java.vm.version" value="21.0.1+12-LTS-29"/>
    <property name="sun.io.unicode.encoding" value="UnicodeLittle"/>
    <property name="java.class.version" value="65.0"/>
  </properties>
</testsuite>